2018-05-09 18:04:59 Notice: Deprecated (16384): Using key `action` is deprecated, use `url` directly instead. in [/usr/share/php/Cake/View/Helper/FormHelper.php, line 383]
Trace:
FormHelper::create() - CORE/Cake/View/Helper/FormHelper.php, line 383
include - APP/View/Users/login.ctp, line 5
View::_evaluate() - CORE/Cake/View/View.php, line 971
View::_render() - CORE/Cake/View/View.php, line 933
View::render() - CORE/Cake/View/View.php, line 473
Controller::render() - CORE/Cake/Controller/Controller.php, line 963
Dispatcher::_invoke() - CORE/Cake/Routing/Dispatcher.php, line 200
Dispatcher::dispatch() - CORE/Cake/Routing/Dispatcher.php, line 167
[main] - APP/webroot/index.php, line 121

2018-05-09 18:05:13 Notice: Deprecated (16384): Using key `action` is deprecated, use `url` directly instead. in [/usr/share/php/Cake/View/Helper/FormHelper.php, line 383]
Trace:
FormHelper::create() - CORE/Cake/View/Helper/FormHelper.php, line 383
include - APP/View/Users/login.ctp, line 5
View::_evaluate() - CORE/Cake/View/View.php, line 971
View::_render() - CORE/Cake/View/View.php, line 933
View::render() - CORE/Cake/View/View.php, line 473
Controller::render() - CORE/Cake/Controller/Controller.php, line 963
Dispatcher::_invoke() - CORE/Cake/Routing/Dispatcher.php, line 200
Dispatcher::dispatch() - CORE/Cake/Routing/Dispatcher.php, line 167
[main] - APP/webroot/index.php, line 121

